<?xml version="1.0" encoding="UTF-8"?>
<!-- Generated by org.testng.reporters.JUnitReportReporter -->
<testsuite skipped="0" hostname="DESKTOP-BD50LHC" name="gridPkg.Seleniumgrid" tests="1" failures="0" timestamp="2022-03-01T16:30:43 IST" time="21.700" errors="0">
  <testcase name="login" time="21.700" classname="gridPkg.Seleniumgrid"/>
  <system-out/>
</testsuite> <!-- gridPkg.Seleniumgrid -->
