<?xml version="1.0" encoding="UTF-8"?>
<!-- Generated by org.testng.reporters.JUnitReportReporter -->
<testsuite skipped="0" hostname="DESKTOP-BD50LHC" name="mavenjava.AppTest" tests="4" failures="0" timestamp="2022-02-24T18:33:13 IST" time="0.027" errors="0">
  <testcase name="shouldAnswerWithTrue" time="0.004" classname="mavenjava.AppTest"/>
  <system-out/>
  <testcase name="shouldAnswerWithTrue1" time="0.005" classname="mavenjava.AppTest"/>
  <system-out/>
  <testcase name="shouldAnswerWithTrue2" time="0.010" classname="mavenjava.AppTest"/>
  <system-out/>
  <testcase name="shouldAnswerWithTrue3" time="0.008" classname="mavenjava.AppTest"/>
  <system-out/>
</testsuite> <!-- mavenjava.AppTest -->
