<?xml version="1.0" encoding="UTF-8"?>
<!-- Generated by org.testng.reporters.JUnitReportReporter -->
<testsuite skipped="0" hostname="DESKTOP-BD50LHC" name="mavenjava.Login" tests="2" failures="0" timestamp="2022-02-24T19:22:10 IST" time="0.019" errors="0">
  <testcase name="shouldAnswerWithTrue3" time="0.002" classname="mavenjava.Login"/>
  <system-out/>
  <testcase name="shouldAnswerWithTrue2" time="0.017" classname="mavenjava.Login"/>
  <system-out/>
</testsuite> <!-- mavenjava.Login -->
