<?xml version="1.0" encoding="UTF-8"?>
<!-- Generated by org.testng.reporters.JUnitReportReporter -->
<testsuite skipped="0" hostname="DESKTOP-BD50LHC" name="mavenjava.RegisterTest" tests="3" failures="0" timestamp="2022-02-24T17:54:58 IST" time="0.004" errors="0">
  <testcase name="demo" time="0.002" classname="mavenjava.RegisterTest"/>
  <system-out/>
  <testcase name="demo2" time="0.001" classname="mavenjava.RegisterTest"/>
  <system-out/>
  <testcase name="demo1" time="0.001" classname="mavenjava.RegisterTest"/>
  <system-out/>
</testsuite> <!-- mavenjava.RegisterTest -->
