<?xml version="1.0" encoding="UTF-8"?>
<!-- Generated by org.testng.reporters.JUnitReportReporter -->
<testsuite skipped="0" hostname="DESKTOP-BD50LHC" name="testRunner.TestRunner" tests="3" failures="0" timestamp="2022-03-07T15:50:17 IST" time="0.369" errors="0">
  <testcase name="runScenario" time="0.076" classname="testRunner.TestRunner"/>
  <system-out/>
  <testcase name="runScenario" time="0.231" classname="testRunner.TestRunner"/>
  <system-out/>
  <testcase name="runScenario" time="0.062" classname="testRunner.TestRunner"/>
  <system-out/>
</testsuite> <!-- testRunner.TestRunner -->
