<?xml version="1.0" encoding="UTF-8"?>
<!-- Generated by org.testng.reporters.JUnitReportReporter -->
<testsuite skipped="0" hostname="DESKTOP-BD50LHC" name="testRunner.TestngRunner2extent" tests="19" failures="0" timestamp="2022-03-08T15:31:18 IST" time="13.406" errors="0">
  <testcase name="runScenario" time="0.174" classname="testRunner.TestngRunner2extent"/>
  <system-out/>
  <testcase name="runScenario" time="1.182" classname="testRunner.TestngRunner2extent"/>
  <system-out/>
  <testcase name="runScenario" time="0.186" classname="testRunner.TestngRunner2extent"/>
  <system-out/>
  <testcase name="runScenario" time="1.267" classname="testRunner.TestngRunner2extent"/>
  <system-out/>
  <testcase name="runScenario" time="0.175" classname="testRunner.TestngRunner2extent"/>
  <system-out/>
  <testcase name="runScenario" time="1.096" classname="testRunner.TestngRunner2extent"/>
  <system-out/>
  <testcase name="runScenario" time="0.105" classname="testRunner.TestngRunner2extent"/>
  <system-out/>
  <testcase name="runScenario" time="0.050" classname="testRunner.TestngRunner2extent"/>
  <system-out/>
  <testcase name="runScenario" time="1.235" classname="testRunner.TestngRunner2extent"/>
  <system-out/>
  <testcase name="runScenario" time="1.147" classname="testRunner.TestngRunner2extent"/>
  <system-out/>
  <testcase name="runScenario" time="1.304" classname="testRunner.TestngRunner2extent"/>
  <system-out/>
  <testcase name="runScenario" time="0.282" classname="testRunner.TestngRunner2extent"/>
  <system-out/>
  <testcase name="runScenario" time="0.180" classname="testRunner.TestngRunner2extent"/>
  <system-out/>
  <testcase name="runScenario" time="1.277" classname="testRunner.TestngRunner2extent"/>
  <system-out/>
  <testcase name="runScenario" time="0.159" classname="testRunner.TestngRunner2extent"/>
  <system-out/>
  <testcase name="runScenario" time="1.122" classname="testRunner.TestngRunner2extent"/>
  <system-out/>
  <testcase name="runScenario" time="1.237" classname="testRunner.TestngRunner2extent"/>
  <system-out/>
  <testcase name="runScenario" time="1.104" classname="testRunner.TestngRunner2extent"/>
  <system-out/>
  <testcase name="runScenario" time="0.124" classname="testRunner.TestngRunner2extent"/>
  <system-out/>
</testsuite> <!-- testRunner.TestngRunner2extent -->
