<?xml version="1.0" encoding="UTF-8"?>
<!-- Generated by org.testng.reporters.JUnitReportReporter -->
<testsuite skipped="0" hostname="DESKTOP-BD50LHC" name="testRunner.TestngRunner" tests="7" failures="0" timestamp="2022-03-08T14:26:54 IST" time="3.998" errors="0">
  <testcase name="runScenario" time="0.559" classname="testRunner.TestngRunner"/>
  <system-out/>
  <testcase name="runScenario" time="0.530" classname="testRunner.TestngRunner"/>
  <system-out/>
  <testcase name="runScenario" time="0.592" classname="testRunner.TestngRunner"/>
  <system-out/>
  <testcase name="runScenario" time="0.582" classname="testRunner.TestngRunner"/>
  <system-out/>
  <testcase name="runScenario" time="0.618" classname="testRunner.TestngRunner"/>
  <system-out/>
  <testcase name="runScenario" time="0.557" classname="testRunner.TestngRunner"/>
  <system-out/>
  <testcase name="runScenario" time="0.560" classname="testRunner.TestngRunner"/>
  <system-out/>
</testsuite> <!-- testRunner.TestngRunner -->
