<?xml version="1.0" encoding="UTF-8"?>
<!-- Generated by org.testng.reporters.JUnitReportReporter -->
<testsuite skipped="0" hostname="DESKTOP-BD50LHC" name="testcases.HomePageTestCase01" tests="1" failures="0" timestamp="2022-03-04T12:20:52 IST" time="7.672" errors="0">
  <testcase name="basePageNavigation" time="7.672" classname="testcases.HomePageTestCase01"/>
  <system-out/>
</testsuite> <!-- testcases.HomePageTestCase01 -->
