<?xml version="1.0" encoding="UTF-8"?>
<!-- Generated by org.testng.reporters.JUnitReportReporter -->
<testsuite skipped="0" hostname="DESKTOP-BD50LHC" name="testRunner.TestngRunner2extent" tests="19" failures="0" timestamp="2022-03-08T16:18:30 IST" time="7.976" errors="0">
  <testcase name="runScenario" time="0.561" classname="testRunner.TestngRunner2extent"/>
  <system-out/>
  <testcase name="runScenario" time="0.225" classname="testRunner.TestngRunner2extent"/>
  <system-out/>
  <testcase name="runScenario" time="0.518" classname="testRunner.TestngRunner2extent"/>
  <system-out/>
  <testcase name="runScenario" time="0.083" classname="testRunner.TestngRunner2extent"/>
  <system-out/>
  <testcase name="runScenario" time="0.312" classname="testRunner.TestngRunner2extent"/>
  <system-out/>
  <testcase name="runScenario" time="0.541" classname="testRunner.TestngRunner2extent"/>
  <system-out/>
  <testcase name="runScenario" time="0.244" classname="testRunner.TestngRunner2extent"/>
  <system-out/>
  <testcase name="runScenario" time="0.236" classname="testRunner.TestngRunner2extent"/>
  <system-out/>
  <testcase name="runScenario" time="0.795" classname="testRunner.TestngRunner2extent"/>
  <system-out/>
  <testcase name="runScenario" time="0.283" classname="testRunner.TestngRunner2extent"/>
  <system-out/>
  <testcase name="runScenario" time="0.167" classname="testRunner.TestngRunner2extent"/>
  <system-out/>
  <testcase name="runScenario" time="0.602" classname="testRunner.TestngRunner2extent"/>
  <system-out/>
  <testcase name="runScenario" time="0.273" classname="testRunner.TestngRunner2extent"/>
  <system-out/>
  <testcase name="runScenario" time="0.447" classname="testRunner.TestngRunner2extent"/>
  <system-out/>
  <testcase name="runScenario" time="0.598" classname="testRunner.TestngRunner2extent"/>
  <system-out/>
  <testcase name="runScenario" time="0.421" classname="testRunner.TestngRunner2extent"/>
  <system-out/>
  <testcase name="runScenario" time="0.830" classname="testRunner.TestngRunner2extent"/>
  <system-out/>
  <testcase name="runScenario" time="0.093" classname="testRunner.TestngRunner2extent"/>
  <system-out/>
  <testcase name="runScenario" time="0.747" classname="testRunner.TestngRunner2extent"/>
  <system-out/>
</testsuite> <!-- testRunner.TestngRunner2extent -->
