<?xml version="1.0" encoding="UTF-8"?>
<!-- Generated by org.testng.reporters.JUnitReportReporter -->
<testsuite skipped="0" hostname="DESKTOP-BD50LHC" name="testRunner.TestngRunnerfailedTS" tests="7" failures="0" timestamp="2022-03-08T16:18:30 IST" time="1.477" errors="0">
  <testcase name="runScenario" time="0.135" classname="testRunner.TestngRunnerfailedTS"/>
  <system-out/>
  <testcase name="runScenario" time="0.309" classname="testRunner.TestngRunnerfailedTS"/>
  <system-out/>
  <testcase name="runScenario" time="0.084" classname="testRunner.TestngRunnerfailedTS"/>
  <system-out/>
  <testcase name="runScenario" time="0.262" classname="testRunner.TestngRunnerfailedTS"/>
  <system-out/>
  <testcase name="runScenario" time="0.200" classname="testRunner.TestngRunnerfailedTS"/>
  <system-out/>
  <testcase name="runScenario" time="0.246" classname="testRunner.TestngRunnerfailedTS"/>
  <system-out/>
  <testcase name="runScenario" time="0.241" classname="testRunner.TestngRunnerfailedTS"/>
  <system-out/>
</testsuite> <!-- testRunner.TestngRunnerfailedTS -->
