<?xml version="1.0" encoding="UTF-8"?>
<!-- Generated by org.testng.reporters.JUnitReportReporter -->
<testsuite skipped="0" hostname="DESKTOP-BD50LHC" name="testRunner.TestngRunner" tests="7" failures="0" timestamp="2022-03-08T16:18:30 IST" time="2.838" errors="0">
  <testcase name="runScenario" time="0.463" classname="testRunner.TestngRunner"/>
  <system-out/>
  <testcase name="runScenario" time="0.332" classname="testRunner.TestngRunner"/>
  <system-out/>
  <testcase name="runScenario" time="0.477" classname="testRunner.TestngRunner"/>
  <system-out/>
  <testcase name="runScenario" time="0.326" classname="testRunner.TestngRunner"/>
  <system-out/>
  <testcase name="runScenario" time="0.344" classname="testRunner.TestngRunner"/>
  <system-out/>
  <testcase name="runScenario" time="0.476" classname="testRunner.TestngRunner"/>
  <system-out/>
  <testcase name="runScenario" time="0.420" classname="testRunner.TestngRunner"/>
  <system-out/>
</testsuite> <!-- testRunner.TestngRunner -->
