<?xml version="1.0" encoding="UTF-8"?>
<!-- Generated by org.testng.reporters.JUnitReportReporter -->
<testsuite skipped="0" hostname="DESKTOP-BD50LHC" name="mavenjava.TestCase" tests="1" failures="0" timestamp="2022-02-25T14:56:09 IST" time="0.013" errors="0">
  <testcase name="testcase01" time="0.013" classname="mavenjava.TestCase"/>
  <system-out/>
</testsuite> <!-- mavenjava.TestCase -->
