<?xml version="1.0" encoding="UTF-8"?>
<!-- Generated by org.testng.reporters.JUnitReportReporter -->
<testsuite skipped="0" hostname="DESKTOP-BD50LHC" name="mavenjava.MobileTest" tests="2" failures="0" timestamp="2022-02-25T14:55:11 IST" time="0.001" errors="0">
  <testcase name="shouldAnswerWithTrue2" time="0.001" classname="mavenjava.MobileTest"/>
  <system-out/>
  <testcase name="shouldAnswerWithTrue3" time="0.000" classname="mavenjava.MobileTest"/>
  <system-out/>
</testsuite> <!-- mavenjava.MobileTest -->
