<?xml version="1.0" encoding="UTF-8"?>
<!-- Generated by org.testng.reporters.JUnitReportReporter -->
<testsuite skipped="0" hostname="DESKTOP-BD50LHC" name="testrunnerFiles.TestNGTestRunner" tests="1" failures="0" timestamp="2022-03-09T14:54:00 IST" time="19.969" errors="0">
  <testcase name="runScenario" time="19.969" classname="testrunnerFiles.TestNGTestRunner"/>
  <system-out/>
</testsuite> <!-- testrunnerFiles.TestNGTestRunner -->
