<?xml version="1.0" encoding="UTF-8"?>
<!-- Generated by org.testng.reporters.JUnitReportReporter -->
<testsuite skipped="0" hostname="DESKTOP-BD50LHC" name="baseclass.BaseClass" tests="1" failures="0" timestamp="2022-03-03T14:48:37 IST" time="48.624" errors="0">
  <testcase name="start" time="48.624" classname="baseclass.BaseClass"/>
  <system-out/>
</testsuite> <!-- baseclass.BaseClass -->
