<?xml version="1.0" encoding="UTF-8"?>
<!-- Generated by org.testng.reporters.JUnitReportReporter -->
<testsuite skipped="0" hostname="DESKTOP-BD50LHC" name="testcase.TestCase01" tests="1" failures="0" timestamp="2022-03-03T14:38:37 IST" time="43.632" errors="0">
  <testcase name="getLogin" time="43.632" classname="testcase.TestCase01"/>
  <system-out/>
</testsuite> <!-- testcase.TestCase01 -->
