<?xml version="1.0" encoding="UTF-8"?>
<!-- Generated by org.testng.reporters.JUnitReportReporter -->
<testsuite skipped="0" hostname="DESKTOP-BD50LHC" name="testNGexample.Sample1" tests="2" failures="0" timestamp="2022-02-23T18:28:48 IST" time="0.004" errors="0">
  <testcase name="fun3" time="0.002" classname="testNGexample.Sample1"/>
  <system-out/>
  <testcase name="fun2" time="0.002" classname="testNGexample.Sample1"/>
  <system-out/>
</testsuite> <!-- testNGexample.Sample1 -->
