<?xml version="1.0" encoding="UTF-8"?>
<!-- Generated by org.testng.reporters.JUnitReportReporter -->
<testsuite skipped="0" hostname="DESKTOP-BD50LHC" name="testNGexample.Priorityset" tests="3" failures="0" timestamp="2022-02-23T18:15:47 IST" time="0.008" errors="0">
  <testcase name="webLogin" time="0.004" classname="testNGexample.Priorityset"/>
  <system-out/>
  <testcase name="apiLogin" time="0.002" classname="testNGexample.Priorityset"/>
  <system-out/>
  <testcase name="mobileLogin" time="0.002" classname="testNGexample.Priorityset"/>
  <system-out/>
</testsuite> <!-- testNGexample.Priorityset -->
