<?xml version="1.0" encoding="UTF-8"?>
<!-- Generated by org.testng.reporters.JUnitReportReporter -->
<testsuite skipped="0" hostname="DESKTOP-BD50LHC" name="testNGexample.Annotationsoperation" tests="1" failures="0" timestamp="2022-02-23T18:28:48 IST" time="0.004" errors="0">
  <testcase name="demo1" time="0.004" classname="testNGexample.Annotationsoperation"/>
  <system-out/>
</testsuite> <!-- testNGexample.Annotationsoperation -->
