<?xml version="1.0" encoding="UTF-8"?>
<!-- Generated by org.testng.reporters.JUnitReportReporter -->
<testsuite skipped="1" hostname="DESKTOP-BD50LHC" name="testNGexample.Sample" tests="8" failures="0" timestamp="2022-02-23T19:46:46 IST" time="0.049" errors="0">
  <testcase name="fun4" time="0.014" classname="testNGexample.Sample"/>
  <system-out/>
  <testcase name="fun5" time="0.002" classname="testNGexample.Sample"/>
  <system-out/>
  <testcase name="fun5" time="0.005" classname="testNGexample.Sample"/>
  <system-out/>
  <testcase name="fun5" time="0.002" classname="testNGexample.Sample"/>
  <system-out/>
  <testcase name="fun6" time="0.009" classname="testNGexample.Sample"/>
  <system-out/>
  <testcase name="fun2" time="0.015" classname="testNGexample.Sample"/>
  <system-out/>
  <testcase name="fun1" time="0.002" classname="testNGexample.Sample"/>
  <system-out/>
  <testcase name="fun3" classname="testNGexample.Sample">
    <skipped/>
  </testcase> <!-- fun3 -->
  <system-out/>
</testsuite> <!-- testNGexample.Sample -->
