<?xml version="1.0" encoding="UTF-8"?>
<!-- Generated by org.testng.reporters.JUnitReportReporter -->
<testsuite skipped="0" hostname="DESKTOP-BD50LHC" name="testNGexample.DataProvideroperation" tests="3" failures="0" timestamp="2022-02-24T11:05:39 IST" time="0.024" errors="0">
  <testcase name="dataproviderFun1" time="0.010" classname="testNGexample.DataProvideroperation"/>
  <system-out/>
  <testcase name="dataproviderFun1" time="0.004" classname="testNGexample.DataProvideroperation"/>
  <system-out/>
  <testcase name="dataproviderFun1" time="0.010" classname="testNGexample.DataProvideroperation"/>
  <system-out/>
</testsuite> <!-- testNGexample.DataProvideroperation -->
