<?xml version="1.0" encoding="UTF-8"?>
<!-- Generated by org.testng.reporters.JUnitReportReporter -->
<testsuite skipped="0" hostname="DESKTOP-BD50LHC" name="testNGexample.SampleParameters" tests="1" failures="0" timestamp="2022-02-24T11:05:39 IST" time="0.015" errors="0">
  <testcase name="fun1" time="0.015" classname="testNGexample.SampleParameters"/>
  <system-out/>
</testsuite> <!-- testNGexample.SampleParameters -->
