<?xml version="1.0" encoding="UTF-8"?>
<!-- Generated by org.testng.reporters.JUnitReportReporter -->
<testsuite hostname="DESKTOP-BD50LHC" failures="0" tests="4" name="PractiseExercise.Testcase01" time="0.040" errors="0" timestamp="2022-02-15T15:34:14 IST" skipped="1">
  <testcase classname="PractiseExercise.Testcase01" name="testcase3" time="0.013"/>
  <system-out/>
  <testcase classname="PractiseExercise.Testcase01" name="testcase4" time="0.011"/>
  <system-out/>
  <testcase classname="PractiseExercise.Testcase01" name="testcase2" time="0.016"/>
  <system-out/>
  <testcase classname="PractiseExercise.Testcase01" name="testcase1">
    <skipped/>
  </testcase> <!-- testcase1 -->
  <system-out/>
</testsuite> <!-- PractiseExercise.Testcase01 -->
