<?xml version="1.0" encoding="UTF-8"?>
<!-- Generated by org.testng.reporters.JUnitReportReporter -->
<testsuite skipped="0" hostname="DESKTOP-BD50LHC" name="testRunner.TestngRunner2extent" tests="19" failures="0" timestamp="2022-03-08T16:58:35 IST" time="8.430" errors="0">
  <testcase name="runScenario" time="0.438" classname="testRunner.TestngRunner2extent"/>
  <system-out/>
  <testcase name="runScenario" time="0.717" classname="testRunner.TestngRunner2extent"/>
  <system-out/>
  <testcase name="runScenario" time="0.349" classname="testRunner.TestngRunner2extent"/>
  <system-out/>
  <testcase name="runScenario" time="0.706" classname="testRunner.TestngRunner2extent"/>
  <system-out/>
  <testcase name="runScenario" time="0.245" classname="testRunner.TestngRunner2extent"/>
  <system-out/>
  <testcase name="runScenario" time="0.771" classname="testRunner.TestngRunner2extent"/>
  <system-out/>
  <testcase name="runScenario" time="0.083" classname="testRunner.TestngRunner2extent"/>
  <system-out/>
  <testcase name="runScenario" time="0.508" classname="testRunner.TestngRunner2extent"/>
  <system-out/>
  <testcase name="runScenario" time="0.652" classname="testRunner.TestngRunner2extent"/>
  <system-out/>
  <testcase name="runScenario" time="0.475" classname="testRunner.TestngRunner2extent"/>
  <system-out/>
  <testcase name="runScenario" time="0.238" classname="testRunner.TestngRunner2extent"/>
  <system-out/>
  <testcase name="runScenario" time="0.239" classname="testRunner.TestngRunner2extent"/>
  <system-out/>
  <testcase name="runScenario" time="0.654" classname="testRunner.TestngRunner2extent"/>
  <system-out/>
  <testcase name="runScenario" time="0.604" classname="testRunner.TestngRunner2extent"/>
  <system-out/>
  <testcase name="runScenario" time="0.150" classname="testRunner.TestngRunner2extent"/>
  <system-out/>
  <testcase name="runScenario" time="0.296" classname="testRunner.TestngRunner2extent"/>
  <system-out/>
  <testcase name="runScenario" time="0.360" classname="testRunner.TestngRunner2extent"/>
  <system-out/>
  <testcase name="runScenario" time="0.685" classname="testRunner.TestngRunner2extent"/>
  <system-out/>
  <testcase name="runScenario" time="0.260" classname="testRunner.TestngRunner2extent"/>
  <system-out/>
</testsuite> <!-- testRunner.TestngRunner2extent -->
