<?xml version="1.0" encoding="UTF-8"?>
<!-- Generated by org.testng.reporters.JUnitReportReporter -->
<testsuite skipped="0" hostname="DESKTOP-BD50LHC" name="testRunner.TestngRunner" tests="7" failures="0" timestamp="2022-03-08T16:58:35 IST" time="3.217" errors="0">
  <testcase name="runScenario" time="0.472" classname="testRunner.TestngRunner"/>
  <system-out/>
  <testcase name="runScenario" time="0.463" classname="testRunner.TestngRunner"/>
  <system-out/>
  <testcase name="runScenario" time="0.477" classname="testRunner.TestngRunner"/>
  <system-out/>
  <testcase name="runScenario" time="0.446" classname="testRunner.TestngRunner"/>
  <system-out/>
  <testcase name="runScenario" time="0.441" classname="testRunner.TestngRunner"/>
  <system-out/>
  <testcase name="runScenario" time="0.455" classname="testRunner.TestngRunner"/>
  <system-out/>
  <testcase name="runScenario" time="0.463" classname="testRunner.TestngRunner"/>
  <system-out/>
</testsuite> <!-- testRunner.TestngRunner -->
