<?xml version="1.0" encoding="UTF-8"?>
<!-- Generated by org.testng.reporters.JUnitReportReporter -->
<testsuite skipped="0" hostname="DESKTOP-BD50LHC" name="testRunner.TestngRunnerfailedTS" tests="7" failures="0" timestamp="2022-03-08T16:58:34 IST" time="1.145" errors="0">
  <testcase name="runScenario" time="0.186" classname="testRunner.TestngRunnerfailedTS"/>
  <system-out/>
  <testcase name="runScenario" time="0.182" classname="testRunner.TestngRunnerfailedTS"/>
  <system-out/>
  <testcase name="runScenario" time="0.161" classname="testRunner.TestngRunnerfailedTS"/>
  <system-out/>
  <testcase name="runScenario" time="0.144" classname="testRunner.TestngRunnerfailedTS"/>
  <system-out/>
  <testcase name="runScenario" time="0.201" classname="testRunner.TestngRunnerfailedTS"/>
  <system-out/>
  <testcase name="runScenario" time="0.095" classname="testRunner.TestngRunnerfailedTS"/>
  <system-out/>
  <testcase name="runScenario" time="0.176" classname="testRunner.TestngRunnerfailedTS"/>
  <system-out/>
</testsuite> <!-- testRunner.TestngRunnerfailedTS -->
