<?xml version="1.0" encoding="UTF-8"?>
<!-- Generated by org.testng.reporters.JUnitReportReporter -->
<testsuite skipped="0" hostname="DESKTOP-BD50LHC" name="pkg1.Extentrepoclass" tests="1" failures="0" timestamp="2022-02-25T18:54:46 IST" time="40.071" errors="0">
  <testcase name="initialDemo" time="40.071" classname="pkg1.Extentrepoclass"/>
  <system-out/>
</testsuite> <!-- pkg1.Extentrepoclass -->
